<?xml version="1.0" encoding="utf-8"?><testsuites name="pytest tests"><testsuite name="pytest" errors="0" failures="0" skipped="0" tests="33" time="3.956" timestamp="2026-05-03T19:52:49.020802+00:00" hostname="agent-env-e0153bec-7956-4a10-ac50-be4be568a3f0"><testcase classname="backend.tests.test_cally_phase1.TestWorker" name="test_worker_supervisor_running" time="0.154" /><testcase classname="backend.tests.test_cally_phase1.TestWorker" name="test_redis_reachable" time="0.005" /><testcase classname="backend.tests.test_cally_phase1.TestWorker" name="test_worker_processes_renew_channel_job" time="0.108" /><testcase classname="backend.tests.test_cally_phase1.TestGoogleWebhook" name="test_missing_channel_id_400" time="0.017" /><testcase classname="backend.tests.test_cally_phase1.TestGoogleWebhook" name="test_sync_state_returns_200" time="0.009" /><testcase classname="backend.tests.test_cally_phase1.TestGoogleWebhook" name="test_unknown_channel_404" time="0.015" /><testcase classname="backend.tests.test_cally_phase1.TestOrganizations" name="test_get_unauth_401" time="0.009" /><testcase classname="backend.tests.test_cally_phase1.TestOrganizations" name="test_get_authed_returns_list" time="0.390" /><testcase classname="backend.tests.test_cally_phase1.TestOrganizations" name="test_create_org_201_and_db_rows" time="0.241" /><testcase classname="backend.tests.test_cally_phase1.TestOrganizations" name="test_create_org_short_name_400" time="0.013" /><testcase classname="backend.tests.test_cally_phase1.TestOrganizations" name="test_create_org_slug_uniqueness" time="0.033" /><testcase classname="backend.tests.test_cally_phase1.TestTeams" name="test_create_team_as_owner_201" time="0.574" /><testcase classname="backend.tests.test_cally_phase1.TestTeams" name="test_create_team_as_nonmember_forbidden" time="0.626" /><testcase classname="backend.tests.test_cally_phase1.TestInvitations" name="test_create_invitation_as_owner" time="0.279" /><testcase classname="backend.tests.test_cally_phase1.TestInvitations" name="test_list_invitations_as_member" time="0.220" /><testcase classname="backend.tests.test_cally_phase1.TestInvitations" name="test_create_team_as_plain_member_403" time="0.296" /><testcase classname="backend.tests.test_cally_phase1.TestStripe" name="test_checkout_returns_503_without_key" time="0.011" /><testcase classname="backend.tests.test_cally_phase1.TestStripe" name="test_webhook_returns_503_or_400_without_secret" time="0.009" /><testcase classname="backend.tests.test_cally_phase1.TestAIChat" name="test_chat_unauth_401" time="0.072" /><testcase classname="backend.tests.test_cally_phase1.TestAIChat" name="test_chat_no_credential_400" time="0.015" /><testcase classname="backend.tests.test_cally_phase1.TestAIChat" name="test_credentials_persist_post_then_get" time="0.093" /><testcase classname="backend.tests.test_cally_phase1.TestPhase1Pages" name="test_unauth_redirects[/organizations]" time="0.005" /><testcase classname="backend.tests.test_cally_phase1.TestPhase1Pages" name="test_unauth_redirects[/ai]" time="0.005" /><testcase classname="backend.tests.test_cally_phase1.TestPhase1Pages" name="test_authed_render_200[/organizations]" time="0.249" /><testcase classname="backend.tests.test_cally_phase1.TestPhase1Pages" name="test_authed_render_200[/ai]" time="0.052" /><testcase classname="backend.tests.test_cally_phase1.TestPhase0Regression" name="test_health" time="0.011" /><testcase classname="backend.tests.test_cally_phase1.TestPhase0Regression" name="test_providers_list" time="0.009" /><testcase classname="backend.tests.test_cally_phase1.TestPhase0Regression" name="test_get_session_no_cookie" time="0.233" /><testcase classname="backend.tests.test_cally_phase1.TestPhase0Regression" name="test_ai_credentials_unauth_401" time="0.026" /><testcase classname="backend.tests.test_cally_phase1.TestPhase0Regression" name="test_integrations_unauth_401" time="0.011" /><testcase classname="backend.tests.test_cally_phase1.TestPhase0Regression" name="test_google_connect_authed_503" time="0.012" /><testcase classname="backend.tests.test_cally_phase1.TestCompatShim" name="test_unauth_401" time="0.011" /><testcase classname="backend.tests.test_cally_phase1.TestCompatShim" name="test_authed_200" time="0.013" /></testsuite></testsuites>