<?xml version="1.0" encoding="utf-8"?><testsuites name="pytest tests"><testsuite name="pytest" errors="0" failures="0" skipped="0" tests="36" time="4.090" timestamp="2026-05-03T19:37:35.845911+00:00" hostname="agent-env-e0153bec-7956-4a10-ac50-be4be568a3f0"><testcase classname="backend.tests.test_cally_backend.TestHealth" name="test_health_ok" time="0.217" /><testcase classname="backend.tests.test_cally_backend.TestRegister" name="test_register_new_user_201" time="0.222" /><testcase classname="backend.tests.test_cally_backend.TestRegister" name="test_register_weak_password_short" time="0.177" /><testcase classname="backend.tests.test_cally_backend.TestRegister" name="test_register_weak_password_no_upper" time="0.139" /><testcase classname="backend.tests.test_cally_backend.TestRegister" name="test_register_weak_password_no_digit" time="0.127" /><testcase classname="backend.tests.test_cally_backend.TestRegister" name="test_register_duplicate_email_409" time="0.118" /><testcase classname="backend.tests.test_cally_backend.TestSignIn" name="test_signin_success" time="0.274" /><testcase classname="backend.tests.test_cally_backend.TestSignIn" name="test_signin_wrong_password_401" time="0.219" /><testcase classname="backend.tests.test_cally_backend.TestSignIn" name="test_get_session_authed" time="0.060" /><testcase classname="backend.tests.test_cally_backend.TestSignIn" name="test_get_session_no_cookie" time="0.158" /><testcase classname="backend.tests.test_cally_backend.TestProvidersList" name="test_providers_list_only_credentials" time="0.115" /><testcase classname="backend.tests.test_cally_backend.TestAICredentials" name="test_get_unauth_blocked" time="0.110" /><testcase classname="backend.tests.test_cally_backend.TestAICredentials" name="test_post_unauth_blocked" time="0.118" /><testcase classname="backend.tests.test_cally_backend.TestAICredentials" name="test_get_authed_empty" time="0.065" /><testcase classname="backend.tests.test_cally_backend.TestAICredentials" name="test_post_bad_provider_400" time="0.058" /><testcase classname="backend.tests.test_cally_backend.TestAICredentials" name="test_post_short_api_key_400" time="0.058" /><testcase classname="backend.tests.test_cally_backend.TestAICredentials" name="test_post_valid_test_false_persists" time="0.121" /><testcase classname="backend.tests.test_cally_backend.TestIntegrations" name="test_get_unauth_blocked" time="0.113" /><testcase classname="backend.tests.test_cally_backend.TestIntegrations" name="test_get_authed_empty" time="0.066" /><testcase classname="backend.tests.test_cally_backend.TestIntegrations" name="test_delete_bogus_id_404" time="0.060" /><testcase classname="backend.tests.test_cally_backend.TestGoogleConnect" name="test_unauth_redirects_to_login" time="0.121" /><testcase classname="backend.tests.test_cally_backend.TestGoogleConnect" name="test_authed_no_env_returns_503" time="0.062" /><testcase classname="backend.tests.test_cally_backend.TestPages" name="test_public_pages_render[/login]" time="0.166" /><testcase classname="backend.tests.test_cally_backend.TestPages" name="test_public_pages_render[/register]" time="0.147" /><testcase classname="backend.tests.test_cally_backend.TestPages" name="test_protected_pages_redirect_unauth[/dashboard]" time="0.113" /><testcase classname="backend.tests.test_cally_backend.TestPages" name="test_protected_pages_redirect_unauth[/settings/ai]" time="0.120" /><testcase classname="backend.tests.test_cally_backend.TestPages" name="test_protected_pages_redirect_unauth[/settings/integrations]" time="0.109" /><testcase classname="backend.tests.test_cally_backend.TestPages" name="test_protected_pages_render_authed[/dashboard]" time="0.133" /><testcase classname="backend.tests.test_cally_backend.TestPages" name="test_protected_pages_render_authed[/settings/ai]" time="0.083" /><testcase classname="backend.tests.test_cally_backend.TestPages" name="test_protected_pages_render_authed[/settings/integrations]" time="0.082" /><testcase classname="backend.tests.test_cally_backend.TestPages" name="test_login_redirects_to_dashboard_when_authed" time="0.055" /><testcase classname="backend.tests.test_cally_backend.TestDBIntegrity" name="test_user_row_with_slug_and_role" time="0.040" /><testcase classname="backend.tests.test_cally_backend.TestDBIntegrity" name="test_account_has_credential_provider_with_bcrypt" time="0.039" /><testcase classname="backend.tests.test_cally_backend.TestDBIntegrity" name="test_session_row_exists" time="0.038" /><testcase classname="backend.tests.test_cally_backend.TestDBIntegrity" name="test_default_availability_mon_to_fri" time="0.038" /><testcase classname="backend.tests.test_cally_backend.TestDBIntegrity" name="test_default_appointment_type" time="0.039" /></testsuite></testsuites>